Wed Aug 22 10:52:58 MSK 2018-------------------------------------------------------------------------------
Wed Aug 22 10:54:02 MSK 2018+++++++++++++++++++++++++++++++++++++++++++++++++++++++++++++++++++++++++++-------------------------------------------------------------------------------
Wed Aug 22 10:54:52 MSK 2018+++++++++++++++++++++++++++++++++++++++++++++++++++++++++++++++++++++++++++
-------------------------------------------------------------------------------
Wed Aug 22 10:55:20 MSK 2018+++++++++++++++++++++++++++++++++++++++++++++++++++++++++++++++++++++++++++

-------------------------------------------------------------------------------
Wed Aug 22 10:55:50 MSK 2018
+++++++++++++++++++++++++++++++++++++++++++++++++++++++++++++++++++++++++++

-------------------------------------------------------------------------------
Wed Aug 22 11:09:32 MSK 2018
+++++++++++++++++++++++++++++++++++++++++++++++++++++++++++++++++++++++++++

-------------------------------------------------------------------------------
Wed Aug 22 11:09:55 MSK 2018
+++++++++++++++++++++++++++++++++++++++++++++++++++++++++++++++++++++++++++

-------------------------------------------------------------------------------
Wed Aug 22 11:10:28 MSK 2018
+++++++++++++++++++++++++++++++++++++++++++++++++++++++++++++++++++++++++++

-------------------------------------------------------------------------------
Wed Aug 22 11:17:50 MSK 2018
+++++++++++++++++++++++++++++++++++++++++++++++++++++++++++++++++++++++++++

-------------------------------------------------------------------------------
Wed Aug 22 11:20:02 MSK 2018
+++++++++++++++++++++++++++++++++++++++++++++++++++++++++++++++++++++++++++

-------------------------------------------------------------------------------
Wed Aug 22 11:21:42 MSK 2018
+++++++++++++++++++++++++++++++++++++++++++++++++++++++++++++++++++++++++++

-------------------------------------------------------------------------------
Wed Aug 22 11:22:59 MSK 2018
+++++++++++++++++++++++++++++++++++++++++++++++++++++++++++++++++++++++++++

-------------------------------------------------------------------------------
Wed Aug 22 11:24:05 MSK 2018
+++++++++++++++++++++++++++++++++++++++++++++++++++++++++++++++++++++++++++

-------------------------------------------------------------------------------
Wed Aug 22 11:27:24 MSK 2018
+++++++++++++++++++++++++++++++++++++++++++++++++++++++++++++++++++++++++++

-------------------------------------------------------------------------------
Wed Aug 22 11:33:08 MSK 2018
+++++++++++++++++++++++++++++++++++++++++++++++++++++++++++++++++++++++++++

-------------------------------------------------------------------------------
Wed Aug 22 11:34:52 MSK 2018
+++++++++++++++++++++++++++++++++++++++++++++++++++++++++++++++++++++++++++

-------------------------------------------------------------------------------
Wed Aug 22 11:36:47 MSK 2018
+++++++++++++++++++++++++++++++++++++++++++++++++++++++++++++++++++++++++++

-------------------------------------------------------------------------------
Wed Aug 22 11:38:13 MSK 2018
+++++++++++++++++++++++++++++++++++++++++++++++++++++++++++++++++++++++++++

-------------------------------------------------------------------------------
Wed Aug 22 11:42:00 MSK 2018
+++++++++++++++++++++++++++++++++++++++++++++++++++++++++++++++++++++++++++

-------------------------------------------------------------------------------
Wed Aug 22 11:42:50 MSK 2018
+++++++++++++++++++++++++++++++++++++++++++++++++++++++++++++++++++++++++++

-------------------------------------------------------------------------------
Wed Aug 22 11:44:10 MSK 2018
+++++++++++++++++++++++++++++++++++++++++++++++++++++++++++++++++++++++++++

-------------------------------------------------------------------------------
Wed Aug 22 11:44:15 MSK 2018
+++++++++++++++++++++++++++++++++++++++++++++++++++++++++++++++++++++++++++
